I, [2018-05-10T20:15:13.740405 #10647]  INFO -- : Refreshing Gem list
config.eager_load is set to nil. Please update your config/environments/*.rb files accordingly:

  * development - set it to false
  * test - set it to false (unless you use a tool that preloads your test environment)
  * production - set it to true

/var/lib/gems/2.3.0/gems/activerecord-5.2.0/lib/active_record/connection_adapters/connection_specification.rb:260:in `resolve_symbol_connection': '”production”' database is not configured. Available: ["default", "development", "test", "production"] (ActiveRecord::AdapterNotSpecified)
	from /var/lib/gems/2.3.0/gems/activerecord-5.2.0/lib/active_record/connection_adapters/connection_specification.rb:241:in `resolve_connection'
	from /var/lib/gems/2.3.0/gems/activerecord-5.2.0/lib/active_record/connection_adapters/connection_specification.rb:143:in `resolve'
	from /var/lib/gems/2.3.0/gems/activerecord-5.2.0/lib/active_record/connection_handling.rb:57:in `establish_connection'
	from /var/lib/gems/2.3.0/gems/activerecord-5.2.0/lib/active_record/railtie.rb:136:in `block (2 levels) in <class:Railtie>'
	from /var/lib/gems/2.3.0/gems/activesupport-5.2.0/lib/active_support/lazy_load_hooks.rb:71:in `instance_eval'
	from /var/lib/gems/2.3.0/gems/activesupport-5.2.0/lib/active_support/lazy_load_hooks.rb:71:in `block in execute_hook'
	from /var/lib/gems/2.3.0/gems/activesupport-5.2.0/lib/active_support/lazy_load_hooks.rb:62:in `with_execution_control'
	from /var/lib/gems/2.3.0/gems/activesupport-5.2.0/lib/active_support/lazy_load_hooks.rb:67:in `execute_hook'
	from /var/lib/gems/2.3.0/gems/activesupport-5.2.0/lib/active_support/lazy_load_hooks.rb:52:in `block in run_load_hooks'
	from /var/lib/gems/2.3.0/gems/activesupport-5.2.0/lib/active_support/lazy_load_hooks.rb:51:in `each'
	from /var/lib/gems/2.3.0/gems/activesupport-5.2.0/lib/active_support/lazy_load_hooks.rb:51:in `run_load_hooks'
	from /var/lib/gems/2.3.0/gems/activerecord-5.2.0/lib/active_record/base.rb:328:in `<module:ActiveRecord>'
	from /var/lib/gems/2.3.0/gems/activerecord-5.2.0/lib/active_record/base.rb:27:in `<main>'
	from /var/lib/gems/2.3.0/gems/bootsnap-1.3.0/lib/bootsnap/load_path_cache/core_ext/kernel_require.rb:21:in `require'
	from /var/lib/gems/2.3.0/gems/bootsnap-1.3.0/lib/bootsnap/load_path_cache/core_ext/kernel_require.rb:21:in `block in require_with_bootsnap_lfi'
	from /var/lib/gems/2.3.0/gems/bootsnap-1.3.0/lib/bootsnap/load_path_cache/loaded_features_index.rb:65:in `register'
	from /var/lib/gems/2.3.0/gems/bootsnap-1.3.0/lib/bootsnap/load_path_cache/core_ext/kernel_require.rb:20:in `require_with_bootsnap_lfi'
	from /var/lib/gems/2.3.0/gems/bootsnap-1.3.0/lib/bootsnap/load_path_cache/core_ext/kernel_require.rb:29:in `require'
	from /var/lib/gems/2.3.0/gems/activesupport-5.2.0/lib/active_support/dependencies.rb:283:in `block in require'
	from /var/lib/gems/2.3.0/gems/activesupport-5.2.0/lib/active_support/dependencies.rb:247:in `block in load_dependency'
	from /var/lib/gems/2.3.0/gems/activesupport-5.2.0/lib/active_support/dependencies.rb:653:in `new_constants_in'
	from /var/lib/gems/2.3.0/gems/activesupport-5.2.0/lib/active_support/dependencies.rb:247:in `load_dependency'
	from /var/lib/gems/2.3.0/gems/activesupport-5.2.0/lib/active_support/dependencies.rb:283:in `require'
	from /home/ubuntu/TypingTest/app/models/application_record.rb:1:in `<main>'
	from /var/lib/gems/2.3.0/gems/bootsnap-1.3.0/lib/bootsnap/load_path_cache/core_ext/kernel_require.rb:100:in `load'
	from /var/lib/gems/2.3.0/gems/bootsnap-1.3.0/lib/bootsnap/load_path_cache/core_ext/kernel_require.rb:100:in `load'
	from /var/lib/gems/2.3.0/gems/activesupport-5.2.0/lib/active_support/dependencies.rb:468:in `block in load_file'
	from /var/lib/gems/2.3.0/gems/activesupport-5.2.0/lib/active_support/dependencies.rb:653:in `new_constants_in'
	from /var/lib/gems/2.3.0/gems/activesupport-5.2.0/lib/active_support/dependencies.rb:467:in `load_file'
	from /var/lib/gems/2.3.0/gems/activesupport-5.2.0/lib/active_support/dependencies.rb:365:in `block in require_or_load'
	from /var/lib/gems/2.3.0/gems/activesupport-5.2.0/lib/active_support/dependencies.rb:37:in `block in load_interlock'
	from /var/lib/gems/2.3.0/gems/activesupport-5.2.0/lib/active_support/dependencies/interlock.rb:14:in `block in loading'
	from /var/lib/gems/2.3.0/gems/activesupport-5.2.0/lib/active_support/concurrency/share_lock.rb:151:in `exclusive'
	from /var/lib/gems/2.3.0/gems/activesupport-5.2.0/lib/active_support/dependencies/interlock.rb:13:in `loading'
	from /var/lib/gems/2.3.0/gems/activesupport-5.2.0/lib/active_support/dependencies.rb:37:in `load_interlock'
	from /var/lib/gems/2.3.0/gems/activesupport-5.2.0/lib/active_support/dependencies.rb:348:in `require_or_load'
	from /var/lib/gems/2.3.0/gems/activesupport-5.2.0/lib/active_support/dependencies.rb:502:in `load_missing_constant'
	from /var/lib/gems/2.3.0/gems/bootsnap-1.3.0/lib/bootsnap/load_path_cache/core_ext/active_support.rb:43:in `load_missing_constant'
	from /var/lib/gems/2.3.0/gems/activesupport-5.2.0/lib/active_support/dependencies.rb:193:in `const_missing'
	from /home/ubuntu/TypingTest/app/models/participant.rb:1:in `<main>'
	from /var/lib/gems/2.3.0/gems/bootsnap-1.3.0/lib/bootsnap/load_path_cache/core_ext/kernel_require.rb:100:in `load'
	from /var/lib/gems/2.3.0/gems/bootsnap-1.3.0/lib/bootsnap/load_path_cache/core_ext/kernel_require.rb:100:in `load'
	from /var/lib/gems/2.3.0/gems/activesupport-5.2.0/lib/active_support/dependencies.rb:468:in `block in load_file'
	from /var/lib/gems/2.3.0/gems/activesupport-5.2.0/lib/active_support/dependencies.rb:653:in `new_constants_in'
	from /var/lib/gems/2.3.0/gems/activesupport-5.2.0/lib/active_support/dependencies.rb:467:in `load_file'
	from /var/lib/gems/2.3.0/gems/activesupport-5.2.0/lib/active_support/dependencies.rb:365:in `block in require_or_load'
	from /var/lib/gems/2.3.0/gems/activesupport-5.2.0/lib/active_support/dependencies.rb:37:in `block in load_interlock'
	from /var/lib/gems/2.3.0/gems/activesupport-5.2.0/lib/active_support/dependencies/interlock.rb:14:in `block in loading'
	from /var/lib/gems/2.3.0/gems/activesupport-5.2.0/lib/active_support/concurrency/share_lock.rb:151:in `exclusive'
	from /var/lib/gems/2.3.0/gems/activesupport-5.2.0/lib/active_support/dependencies/interlock.rb:13:in `loading'
	from /var/lib/gems/2.3.0/gems/activesupport-5.2.0/lib/active_support/dependencies.rb:37:in `load_interlock'
	from /var/lib/gems/2.3.0/gems/activesupport-5.2.0/lib/active_support/dependencies.rb:348:in `require_or_load'
	from /var/lib/gems/2.3.0/gems/activesupport-5.2.0/lib/active_support/dependencies.rb:502:in `load_missing_constant'
	from /var/lib/gems/2.3.0/gems/bootsnap-1.3.0/lib/bootsnap/load_path_cache/core_ext/active_support.rb:43:in `load_missing_constant'
	from /var/lib/gems/2.3.0/gems/activesupport-5.2.0/lib/active_support/dependencies.rb:193:in `const_missing'
	from /var/lib/gems/2.3.0/gems/activesupport-5.2.0/lib/active_support/inflector/methods.rb:283:in `const_get'
	from /var/lib/gems/2.3.0/gems/activesupport-5.2.0/lib/active_support/inflector/methods.rb:283:in `block in constantize'
	from /var/lib/gems/2.3.0/gems/activesupport-5.2.0/lib/active_support/inflector/methods.rb:281:in `each'
	from /var/lib/gems/2.3.0/gems/activesupport-5.2.0/lib/active_support/inflector/methods.rb:281:in `inject'
	from /var/lib/gems/2.3.0/gems/activesupport-5.2.0/lib/active_support/inflector/methods.rb:281:in `constantize'
	from /var/lib/gems/2.3.0/gems/activesupport-5.2.0/lib/active_support/dependencies.rb:574:in `get'
	from /var/lib/gems/2.3.0/gems/activesupport-5.2.0/lib/active_support/dependencies.rb:605:in `constantize'
	from /var/lib/gems/2.3.0/gems/devise-4.4.3/lib/devise.rb:316:in `get'
	from /var/lib/gems/2.3.0/gems/devise-4.4.3/lib/devise/mapping.rb:83:in `to'
	from /var/lib/gems/2.3.0/gems/devise-4.4.3/lib/devise/mapping.rb:78:in `modules'
	from /var/lib/gems/2.3.0/gems/devise-4.4.3/lib/devise/mapping.rb:95:in `routes'
	from /var/lib/gems/2.3.0/gems/devise-4.4.3/lib/devise/mapping.rb:162:in `default_used_route'
	from /var/lib/gems/2.3.0/gems/devise-4.4.3/lib/devise/mapping.rb:72:in `initialize'
	from /var/lib/gems/2.3.0/gems/devise-4.4.3/lib/devise.rb:346:in `new'
	from /var/lib/gems/2.3.0/gems/devise-4.4.3/lib/devise.rb:346:in `add_mapping'
	from /var/lib/gems/2.3.0/gems/devise-4.4.3/lib/devise/rails/routes.rb:243:in `block in devise_for'
	from /var/lib/gems/2.3.0/gems/devise-4.4.3/lib/devise/rails/routes.rb:242:in `each'
	from /var/lib/gems/2.3.0/gems/devise-4.4.3/lib/devise/rails/routes.rb:242:in `devise_for'
	from /home/ubuntu/TypingTest/config/routes.rb:2:in `block in <main>'
	from /var/lib/gems/2.3.0/gems/actionpack-5.2.0/lib/action_dispatch/routing/route_set.rb:432:in `instance_exec'
	from /var/lib/gems/2.3.0/gems/actionpack-5.2.0/lib/action_dispatch/routing/route_set.rb:432:in `eval_block'
	from /var/lib/gems/2.3.0/gems/actionpack-5.2.0/lib/action_dispatch/routing/route_set.rb:414:in `draw'
	from /home/ubuntu/TypingTest/config/routes.rb:1:in `<main>'
	from /var/lib/gems/2.3.0/gems/bootsnap-1.3.0/lib/bootsnap/load_path_cache/core_ext/kernel_require.rb:50:in `load'
	from /var/lib/gems/2.3.0/gems/bootsnap-1.3.0/lib/bootsnap/load_path_cache/core_ext/kernel_require.rb:50:in `load'
	from /var/lib/gems/2.3.0/gems/activesupport-5.2.0/lib/active_support/dependencies.rb:277:in `block in load'
	from /var/lib/gems/2.3.0/gems/activesupport-5.2.0/lib/active_support/dependencies.rb:249:in `load_dependency'
	from /var/lib/gems/2.3.0/gems/activesupport-5.2.0/lib/active_support/dependencies.rb:277:in `load'
	from /var/lib/gems/2.3.0/gems/railties-5.2.0/lib/rails/application/routes_reloader.rb:57:in `block in load_paths'
	from /var/lib/gems/2.3.0/gems/railties-5.2.0/lib/rails/application/routes_reloader.rb:57:in `each'
	from /var/lib/gems/2.3.0/gems/railties-5.2.0/lib/rails/application/routes_reloader.rb:57:in `load_paths'
	from /var/lib/gems/2.3.0/gems/railties-5.2.0/lib/rails/application/routes_reloader.rb:20:in `reload!'
	from /var/lib/gems/2.3.0/gems/railties-5.2.0/lib/rails/application/routes_reloader.rb:43:in `block in updater'
	from /var/lib/gems/2.3.0/gems/activesupport-5.2.0/lib/active_support/file_update_checker.rb:83:in `execute'
	from /var/lib/gems/2.3.0/gems/railties-5.2.0/lib/rails/application/routes_reloader.rb:44:in `updater'
	from /var/lib/gems/2.3.0/gems/railties-5.2.0/lib/rails/application/routes_reloader.rb:33:in `execute_if_updated'
	from /var/lib/gems/2.3.0/gems/railties-5.2.0/lib/rails/application/finisher.rb:130:in `block in <module:Finisher>'
	from /var/lib/gems/2.3.0/gems/railties-5.2.0/lib/rails/initializable.rb:32:in `instance_exec'
	from /var/lib/gems/2.3.0/gems/railties-5.2.0/lib/rails/initializable.rb:32:in `run'
	from /var/lib/gems/2.3.0/gems/railties-5.2.0/lib/rails/initializable.rb:61:in `block in run_initializers'
	from /usr/lib/ruby/2.3.0/tsort.rb:228:in `block in tsort_each'
	from /usr/lib/ruby/2.3.0/tsort.rb:350:in `block (2 levels) in each_strongly_connected_component'
	from /usr/lib/ruby/2.3.0/tsort.rb:431:in `each_strongly_connected_component_from'
	from /usr/lib/ruby/2.3.0/tsort.rb:349:in `block in each_strongly_connected_component'
	from /usr/lib/ruby/2.3.0/tsort.rb:347:in `each'
	from /usr/lib/ruby/2.3.0/tsort.rb:347:in `call'
	from /usr/lib/ruby/2.3.0/tsort.rb:347:in `each_strongly_connected_component'
	from /usr/lib/ruby/2.3.0/tsort.rb:226:in `tsort_each'
	from /usr/lib/ruby/2.3.0/tsort.rb:205:in `tsort_each'
	from /var/lib/gems/2.3.0/gems/railties-5.2.0/lib/rails/initializable.rb:60:in `run_initializers'
	from /var/lib/gems/2.3.0/gems/railties-5.2.0/lib/rails/application.rb:361:in `initialize!'
	from /home/ubuntu/TypingTest/config/environment.rb:5:in `<top (required)>'
	from config.ru:4:in `require_relative'
	from config.ru:4:in `block in <main>'
	from /var/lib/gems/2.3.0/gems/rack-2.0.5/lib/rack/builder.rb:55:in `instance_eval'
	from /var/lib/gems/2.3.0/gems/rack-2.0.5/lib/rack/builder.rb:55:in `initialize'
	from config.ru:1:in `new'
	from config.ru:1:in `<main>'
	from /var/lib/gems/2.3.0/gems/unicorn-5.4.0/lib/unicorn.rb:56:in `eval'
	from /var/lib/gems/2.3.0/gems/unicorn-5.4.0/lib/unicorn.rb:56:in `block in builder'
	from /var/lib/gems/2.3.0/gems/unicorn-5.4.0/lib/unicorn/http_server.rb:795:in `build_app!'
	from /var/lib/gems/2.3.0/gems/unicorn-5.4.0/lib/unicorn/http_server.rb:139:in `start'
	from /var/lib/gems/2.3.0/gems/unicorn-5.4.0/bin/unicorn:126:in `<top (required)>'
	from /usr/local/bin/unicorn:23:in `load'
	from /usr/local/bin/unicorn:23:in `<main>'
I, [2018-05-10T20:15:53.588527 #10711]  INFO -- : Refreshing Gem list
config.eager_load is set to nil. Please update your config/environments/*.rb files accordingly:

  * development - set it to false
  * test - set it to false (unless you use a tool that preloads your test environment)
  * production - set it to true

/var/lib/gems/2.3.0/gems/activerecord-5.2.0/lib/active_record/connection_adapters/connection_specification.rb:260:in `resolve_symbol_connection': '”production”' database is not configured. Available: ["default", "development", "test", "production"] (ActiveRecord::AdapterNotSpecified)
	from /var/lib/gems/2.3.0/gems/activerecord-5.2.0/lib/active_record/connection_adapters/connection_specification.rb:241:in `resolve_connection'
	from /var/lib/gems/2.3.0/gems/activerecord-5.2.0/lib/active_record/connection_adapters/connection_specification.rb:143:in `resolve'
	from /var/lib/gems/2.3.0/gems/activerecord-5.2.0/lib/active_record/connection_handling.rb:57:in `establish_connection'
	from /var/lib/gems/2.3.0/gems/activerecord-5.2.0/lib/active_record/railtie.rb:136:in `block (2 levels) in <class:Railtie>'
	from /var/lib/gems/2.3.0/gems/activesupport-5.2.0/lib/active_support/lazy_load_hooks.rb:71:in `instance_eval'
	from /var/lib/gems/2.3.0/gems/activesupport-5.2.0/lib/active_support/lazy_load_hooks.rb:71:in `block in execute_hook'
	from /var/lib/gems/2.3.0/gems/activesupport-5.2.0/lib/active_support/lazy_load_hooks.rb:62:in `with_execution_control'
	from /var/lib/gems/2.3.0/gems/activesupport-5.2.0/lib/active_support/lazy_load_hooks.rb:67:in `execute_hook'
	from /var/lib/gems/2.3.0/gems/activesupport-5.2.0/lib/active_support/lazy_load_hooks.rb:52:in `block in run_load_hooks'
	from /var/lib/gems/2.3.0/gems/activesupport-5.2.0/lib/active_support/lazy_load_hooks.rb:51:in `each'
	from /var/lib/gems/2.3.0/gems/activesupport-5.2.0/lib/active_support/lazy_load_hooks.rb:51:in `run_load_hooks'
	from /var/lib/gems/2.3.0/gems/activerecord-5.2.0/lib/active_record/base.rb:328:in `<module:ActiveRecord>'
	from /var/lib/gems/2.3.0/gems/activerecord-5.2.0/lib/active_record/base.rb:27:in `<main>'
	from /var/lib/gems/2.3.0/gems/bootsnap-1.3.0/lib/bootsnap/load_path_cache/core_ext/kernel_require.rb:21:in `require'
	from /var/lib/gems/2.3.0/gems/bootsnap-1.3.0/lib/bootsnap/load_path_cache/core_ext/kernel_require.rb:21:in `block in require_with_bootsnap_lfi'
	from /var/lib/gems/2.3.0/gems/bootsnap-1.3.0/lib/bootsnap/load_path_cache/loaded_features_index.rb:65:in `register'
	from /var/lib/gems/2.3.0/gems/bootsnap-1.3.0/lib/bootsnap/load_path_cache/core_ext/kernel_require.rb:20:in `require_with_bootsnap_lfi'
	from /var/lib/gems/2.3.0/gems/bootsnap-1.3.0/lib/bootsnap/load_path_cache/core_ext/kernel_require.rb:29:in `require'
	from /var/lib/gems/2.3.0/gems/activesupport-5.2.0/lib/active_support/dependencies.rb:283:in `block in require'
	from /var/lib/gems/2.3.0/gems/activesupport-5.2.0/lib/active_support/dependencies.rb:247:in `block in load_dependency'
	from /var/lib/gems/2.3.0/gems/activesupport-5.2.0/lib/active_support/dependencies.rb:653:in `new_constants_in'
	from /var/lib/gems/2.3.0/gems/activesupport-5.2.0/lib/active_support/dependencies.rb:247:in `load_dependency'
	from /var/lib/gems/2.3.0/gems/activesupport-5.2.0/lib/active_support/dependencies.rb:283:in `require'
	from /home/ubuntu/TypingTest/app/models/application_record.rb:1:in `<main>'
	from /var/lib/gems/2.3.0/gems/bootsnap-1.3.0/lib/bootsnap/load_path_cache/core_ext/kernel_require.rb:100:in `load'
	from /var/lib/gems/2.3.0/gems/bootsnap-1.3.0/lib/bootsnap/load_path_cache/core_ext/kernel_require.rb:100:in `load'
	from /var/lib/gems/2.3.0/gems/activesupport-5.2.0/lib/active_support/dependencies.rb:468:in `block in load_file'
	from /var/lib/gems/2.3.0/gems/activesupport-5.2.0/lib/active_support/dependencies.rb:653:in `new_constants_in'
	from /var/lib/gems/2.3.0/gems/activesupport-5.2.0/lib/active_support/dependencies.rb:467:in `load_file'
	from /var/lib/gems/2.3.0/gems/activesupport-5.2.0/lib/active_support/dependencies.rb:365:in `block in require_or_load'
	from /var/lib/gems/2.3.0/gems/activesupport-5.2.0/lib/active_support/dependencies.rb:37:in `block in load_interlock'
	from /var/lib/gems/2.3.0/gems/activesupport-5.2.0/lib/active_support/dependencies/interlock.rb:14:in `block in loading'
	from /var/lib/gems/2.3.0/gems/activesupport-5.2.0/lib/active_support/concurrency/share_lock.rb:151:in `exclusive'
	from /var/lib/gems/2.3.0/gems/activesupport-5.2.0/lib/active_support/dependencies/interlock.rb:13:in `loading'
	from /var/lib/gems/2.3.0/gems/activesupport-5.2.0/lib/active_support/dependencies.rb:37:in `load_interlock'
	from /var/lib/gems/2.3.0/gems/activesupport-5.2.0/lib/active_support/dependencies.rb:348:in `require_or_load'
	from /var/lib/gems/2.3.0/gems/activesupport-5.2.0/lib/active_support/dependencies.rb:502:in `load_missing_constant'
	from /var/lib/gems/2.3.0/gems/bootsnap-1.3.0/lib/bootsnap/load_path_cache/core_ext/active_support.rb:43:in `load_missing_constant'
	from /var/lib/gems/2.3.0/gems/activesupport-5.2.0/lib/active_support/dependencies.rb:193:in `const_missing'
	from /home/ubuntu/TypingTest/app/models/participant.rb:1:in `<main>'
	from /var/lib/gems/2.3.0/gems/bootsnap-1.3.0/lib/bootsnap/load_path_cache/core_ext/kernel_require.rb:100:in `load'
	from /var/lib/gems/2.3.0/gems/bootsnap-1.3.0/lib/bootsnap/load_path_cache/core_ext/kernel_require.rb:100:in `load'
	from /var/lib/gems/2.3.0/gems/activesupport-5.2.0/lib/active_support/dependencies.rb:468:in `block in load_file'
	from /var/lib/gems/2.3.0/gems/activesupport-5.2.0/lib/active_support/dependencies.rb:653:in `new_constants_in'
	from /var/lib/gems/2.3.0/gems/activesupport-5.2.0/lib/active_support/dependencies.rb:467:in `load_file'
	from /var/lib/gems/2.3.0/gems/activesupport-5.2.0/lib/active_support/dependencies.rb:365:in `block in require_or_load'
	from /var/lib/gems/2.3.0/gems/activesupport-5.2.0/lib/active_support/dependencies.rb:37:in `block in load_interlock'
	from /var/lib/gems/2.3.0/gems/activesupport-5.2.0/lib/active_support/dependencies/interlock.rb:14:in `block in loading'
	from /var/lib/gems/2.3.0/gems/activesupport-5.2.0/lib/active_support/concurrency/share_lock.rb:151:in `exclusive'
	from /var/lib/gems/2.3.0/gems/activesupport-5.2.0/lib/active_support/dependencies/interlock.rb:13:in `loading'
	from /var/lib/gems/2.3.0/gems/activesupport-5.2.0/lib/active_support/dependencies.rb:37:in `load_interlock'
	from /var/lib/gems/2.3.0/gems/activesupport-5.2.0/lib/active_support/dependencies.rb:348:in `require_or_load'
	from /var/lib/gems/2.3.0/gems/activesupport-5.2.0/lib/active_support/dependencies.rb:502:in `load_missing_constant'
	from /var/lib/gems/2.3.0/gems/bootsnap-1.3.0/lib/bootsnap/load_path_cache/core_ext/active_support.rb:43:in `load_missing_constant'
	from /var/lib/gems/2.3.0/gems/activesupport-5.2.0/lib/active_support/dependencies.rb:193:in `const_missing'
	from /var/lib/gems/2.3.0/gems/activesupport-5.2.0/lib/active_support/inflector/methods.rb:283:in `const_get'
	from /var/lib/gems/2.3.0/gems/activesupport-5.2.0/lib/active_support/inflector/methods.rb:283:in `block in constantize'
	from /var/lib/gems/2.3.0/gems/activesupport-5.2.0/lib/active_support/inflector/methods.rb:281:in `each'
	from /var/lib/gems/2.3.0/gems/activesupport-5.2.0/lib/active_support/inflector/methods.rb:281:in `inject'
	from /var/lib/gems/2.3.0/gems/activesupport-5.2.0/lib/active_support/inflector/methods.rb:281:in `constantize'
	from /var/lib/gems/2.3.0/gems/activesupport-5.2.0/lib/active_support/dependencies.rb:574:in `get'
	from /var/lib/gems/2.3.0/gems/activesupport-5.2.0/lib/active_support/dependencies.rb:605:in `constantize'
	from /var/lib/gems/2.3.0/gems/devise-4.4.3/lib/devise.rb:316:in `get'
	from /var/lib/gems/2.3.0/gems/devise-4.4.3/lib/devise/mapping.rb:83:in `to'
	from /var/lib/gems/2.3.0/gems/devise-4.4.3/lib/devise/mapping.rb:78:in `modules'
	from /var/lib/gems/2.3.0/gems/devise-4.4.3/lib/devise/mapping.rb:95:in `routes'
	from /var/lib/gems/2.3.0/gems/devise-4.4.3/lib/devise/mapping.rb:162:in `default_used_route'
	from /var/lib/gems/2.3.0/gems/devise-4.4.3/lib/devise/mapping.rb:72:in `initialize'
	from /var/lib/gems/2.3.0/gems/devise-4.4.3/lib/devise.rb:346:in `new'
	from /var/lib/gems/2.3.0/gems/devise-4.4.3/lib/devise.rb:346:in `add_mapping'
	from /var/lib/gems/2.3.0/gems/devise-4.4.3/lib/devise/rails/routes.rb:243:in `block in devise_for'
	from /var/lib/gems/2.3.0/gems/devise-4.4.3/lib/devise/rails/routes.rb:242:in `each'
	from /var/lib/gems/2.3.0/gems/devise-4.4.3/lib/devise/rails/routes.rb:242:in `devise_for'
	from /home/ubuntu/TypingTest/config/routes.rb:2:in `block in <main>'
	from /var/lib/gems/2.3.0/gems/actionpack-5.2.0/lib/action_dispatch/routing/route_set.rb:432:in `instance_exec'
	from /var/lib/gems/2.3.0/gems/actionpack-5.2.0/lib/action_dispatch/routing/route_set.rb:432:in `eval_block'
	from /var/lib/gems/2.3.0/gems/actionpack-5.2.0/lib/action_dispatch/routing/route_set.rb:414:in `draw'
	from /home/ubuntu/TypingTest/config/routes.rb:1:in `<main>'
	from /var/lib/gems/2.3.0/gems/bootsnap-1.3.0/lib/bootsnap/load_path_cache/core_ext/kernel_require.rb:50:in `load'
	from /var/lib/gems/2.3.0/gems/bootsnap-1.3.0/lib/bootsnap/load_path_cache/core_ext/kernel_require.rb:50:in `load'
	from /var/lib/gems/2.3.0/gems/activesupport-5.2.0/lib/active_support/dependencies.rb:277:in `block in load'
	from /var/lib/gems/2.3.0/gems/activesupport-5.2.0/lib/active_support/dependencies.rb:249:in `load_dependency'
	from /var/lib/gems/2.3.0/gems/activesupport-5.2.0/lib/active_support/dependencies.rb:277:in `load'
	from /var/lib/gems/2.3.0/gems/railties-5.2.0/lib/rails/application/routes_reloader.rb:57:in `block in load_paths'
	from /var/lib/gems/2.3.0/gems/railties-5.2.0/lib/rails/application/routes_reloader.rb:57:in `each'
	from /var/lib/gems/2.3.0/gems/railties-5.2.0/lib/rails/application/routes_reloader.rb:57:in `load_paths'
	from /var/lib/gems/2.3.0/gems/railties-5.2.0/lib/rails/application/routes_reloader.rb:20:in `reload!'
	from /var/lib/gems/2.3.0/gems/railties-5.2.0/lib/rails/application/routes_reloader.rb:43:in `block in updater'
	from /var/lib/gems/2.3.0/gems/activesupport-5.2.0/lib/active_support/file_update_checker.rb:83:in `execute'
	from /var/lib/gems/2.3.0/gems/railties-5.2.0/lib/rails/application/routes_reloader.rb:44:in `updater'
	from /var/lib/gems/2.3.0/gems/railties-5.2.0/lib/rails/application/routes_reloader.rb:33:in `execute_if_updated'
	from /var/lib/gems/2.3.0/gems/railties-5.2.0/lib/rails/application/finisher.rb:130:in `block in <module:Finisher>'
	from /var/lib/gems/2.3.0/gems/railties-5.2.0/lib/rails/initializable.rb:32:in `instance_exec'
	from /var/lib/gems/2.3.0/gems/railties-5.2.0/lib/rails/initializable.rb:32:in `run'
	from /var/lib/gems/2.3.0/gems/railties-5.2.0/lib/rails/initializable.rb:61:in `block in run_initializers'
	from /usr/lib/ruby/2.3.0/tsort.rb:228:in `block in tsort_each'
	from /usr/lib/ruby/2.3.0/tsort.rb:350:in `block (2 levels) in each_strongly_connected_component'
	from /usr/lib/ruby/2.3.0/tsort.rb:431:in `each_strongly_connected_component_from'
	from /usr/lib/ruby/2.3.0/tsort.rb:349:in `block in each_strongly_connected_component'
	from /usr/lib/ruby/2.3.0/tsort.rb:347:in `each'
	from /usr/lib/ruby/2.3.0/tsort.rb:347:in `call'
	from /usr/lib/ruby/2.3.0/tsort.rb:347:in `each_strongly_connected_component'
	from /usr/lib/ruby/2.3.0/tsort.rb:226:in `tsort_each'
	from /usr/lib/ruby/2.3.0/tsort.rb:205:in `tsort_each'
	from /var/lib/gems/2.3.0/gems/railties-5.2.0/lib/rails/initializable.rb:60:in `run_initializers'
	from /var/lib/gems/2.3.0/gems/railties-5.2.0/lib/rails/application.rb:361:in `initialize!'
	from /home/ubuntu/TypingTest/config/environment.rb:5:in `<top (required)>'
	from config.ru:4:in `require_relative'
	from config.ru:4:in `block in <main>'
	from /var/lib/gems/2.3.0/gems/rack-2.0.5/lib/rack/builder.rb:55:in `instance_eval'
	from /var/lib/gems/2.3.0/gems/rack-2.0.5/lib/rack/builder.rb:55:in `initialize'
	from config.ru:1:in `new'
	from config.ru:1:in `<main>'
	from /var/lib/gems/2.3.0/gems/unicorn-5.4.0/lib/unicorn.rb:56:in `eval'
	from /var/lib/gems/2.3.0/gems/unicorn-5.4.0/lib/unicorn.rb:56:in `block in builder'
	from /var/lib/gems/2.3.0/gems/unicorn-5.4.0/lib/unicorn/http_server.rb:795:in `build_app!'
	from /var/lib/gems/2.3.0/gems/unicorn-5.4.0/lib/unicorn/http_server.rb:139:in `start'
	from /var/lib/gems/2.3.0/gems/unicorn-5.4.0/bin/unicorn:126:in `<top (required)>'
	from /usr/local/bin/unicorn:23:in `load'
	from /usr/local/bin/unicorn:23:in `<main>'
I, [2018-05-13T05:15:13.018493 #29742]  INFO -- : Refreshing Gem list
I, [2018-05-13T05:15:13.777650 #29742]  INFO -- : listening on addr=/home/ubuntu/TypingTest/shared/sockets/unicorn.sock fd=8
I, [2018-05-13T05:15:13.777771 #29742]  INFO -- : worker=0 spawning...
I, [2018-05-13T05:15:13.778983 #29742]  INFO -- : worker=1 spawning...
I, [2018-05-13T05:15:13.779543 #29746]  INFO -- : worker=0 spawned pid=29746
I, [2018-05-13T05:15:13.779672 #29746]  INFO -- : worker=0 ready
I, [2018-05-13T05:15:13.780533 #29742]  INFO -- : master process ready
I, [2018-05-13T05:15:13.787288 #29749]  INFO -- : worker=1 spawned pid=29749
I, [2018-05-13T05:15:13.787409 #29749]  INFO -- : worker=1 ready
I, [2018-05-13T07:20:48.166279 #29742]  INFO -- : reaped #<Process::Status: pid 29746 exit 0> worker=0
I, [2018-05-13T07:20:48.167408 #29742]  INFO -- : reaped #<Process::Status: pid 29749 exit 0> worker=1
I, [2018-05-13T07:20:48.167470 #29742]  INFO -- : master complete
I, [2018-05-13T07:21:50.861459 #2624]  INFO -- : Refreshing Gem list
I, [2018-05-13T07:21:52.773869 #2624]  INFO -- : unlinking existing socket=/home/ubuntu/TypingTest/shared/sockets/unicorn.sock
I, [2018-05-13T07:21:52.776298 #2624]  INFO -- : listening on addr=/home/ubuntu/TypingTest/shared/sockets/unicorn.sock fd=8
I, [2018-05-13T07:21:52.776389 #2624]  INFO -- : worker=0 spawning...
I, [2018-05-13T07:21:52.777649 #2624]  INFO -- : worker=1 spawning...
I, [2018-05-13T07:21:52.778230 #2628]  INFO -- : worker=0 spawned pid=2628
I, [2018-05-13T07:21:52.778346 #2628]  INFO -- : worker=0 ready
I, [2018-05-13T07:21:52.779187 #2624]  INFO -- : master process ready
I, [2018-05-13T07:21:52.793102 #2631]  INFO -- : worker=1 spawned pid=2631
I, [2018-05-13T07:21:52.793226 #2631]  INFO -- : worker=1 ready
I, [2018-05-13T07:26:53.999188 #2624]  INFO -- : reaped #<Process::Status: pid 2628 exit 0> worker=0
I, [2018-05-13T07:26:53.999280 #2624]  INFO -- : reaped #<Process::Status: pid 2631 exit 0> worker=1
I, [2018-05-13T07:26:53.999328 #2624]  INFO -- : master complete
I, [2018-05-13T07:27:18.926792 #2762]  INFO -- : Refreshing Gem list
I, [2018-05-13T07:27:19.665038 #2762]  INFO -- : unlinking existing socket=/home/ubuntu/TypingTest/shared/sockets/unicorn.sock
I, [2018-05-13T07:27:19.666543 #2762]  INFO -- : listening on addr=/home/ubuntu/TypingTest/shared/sockets/unicorn.sock fd=8
I, [2018-05-13T07:27:19.666634 #2762]  INFO -- : worker=0 spawning...
I, [2018-05-13T07:27:19.667965 #2762]  INFO -- : worker=1 spawning...
I, [2018-05-13T07:27:19.668762 #2762]  INFO -- : master process ready
I, [2018-05-13T07:27:19.673516 #2766]  INFO -- : worker=0 spawned pid=2766
I, [2018-05-13T07:27:19.686206 #2768]  INFO -- : worker=1 spawned pid=2768
I, [2018-05-13T07:27:19.686314 #2768]  INFO -- : worker=1 ready
I, [2018-05-13T07:27:19.688796 #2766]  INFO -- : worker=0 ready
I, [2018-05-13T20:24:24.247265 #2762]  INFO -- : reaped #<Process::Status: pid 2766 exit 0> worker=0
I, [2018-05-13T20:24:24.247868 #2762]  INFO -- : reaped #<Process::Status: pid 2768 exit 0> worker=1
I, [2018-05-13T20:24:24.247932 #2762]  INFO -- : master complete
I, [2018-05-13T20:24:24.961302 #6672]  INFO -- : Refreshing Gem list
I, [2018-05-13T20:24:26.153893 #6672]  INFO -- : unlinking existing socket=/home/ubuntu/TypingTest/shared/sockets/unicorn.sock
I, [2018-05-13T20:24:26.156500 #6672]  INFO -- : listening on addr=/home/ubuntu/TypingTest/shared/sockets/unicorn.sock fd=8
I, [2018-05-13T20:24:26.156909 #6672]  INFO -- : worker=0 spawning...
I, [2018-05-13T20:24:26.158166 #6672]  INFO -- : worker=1 spawning...
I, [2018-05-13T20:24:26.158742 #6676]  INFO -- : worker=0 spawned pid=6676
I, [2018-05-13T20:24:26.159623 #6672]  INFO -- : master process ready
I, [2018-05-13T20:24:26.163682 #6676]  INFO -- : worker=0 ready
I, [2018-05-13T20:24:26.176144 #6679]  INFO -- : worker=1 spawned pid=6679
I, [2018-05-13T20:24:26.176267 #6679]  INFO -- : worker=1 ready
I, [2018-05-13T20:25:41.986282 #6672]  INFO -- : reaped #<Process::Status: pid 6676 exit 0> worker=0
I, [2018-05-13T20:25:41.986393 #6672]  INFO -- : reaped #<Process::Status: pid 6679 exit 0> worker=1
I, [2018-05-13T20:25:41.986444 #6672]  INFO -- : master complete
I, [2018-05-13T20:25:48.912020 #6794]  INFO -- : Refreshing Gem list
I, [2018-05-13T20:25:49.641969 #6794]  INFO -- : unlinking existing socket=/home/ubuntu/TypingTest/shared/sockets/unicorn.sock
I, [2018-05-13T20:25:49.643991 #6794]  INFO -- : listening on addr=/home/ubuntu/TypingTest/shared/sockets/unicorn.sock fd=8
I, [2018-05-13T20:25:49.644092 #6794]  INFO -- : worker=0 spawning...
I, [2018-05-13T20:25:49.645345 #6794]  INFO -- : worker=1 spawning...
I, [2018-05-13T20:25:49.645932 #6798]  INFO -- : worker=0 spawned pid=6798
I, [2018-05-13T20:25:49.646048 #6798]  INFO -- : worker=0 ready
I, [2018-05-13T20:25:49.646912 #6794]  INFO -- : master process ready
I, [2018-05-13T20:25:49.660922 #6801]  INFO -- : worker=1 spawned pid=6801
I, [2018-05-13T20:25:49.661042 #6801]  INFO -- : worker=1 ready
I, [2018-05-13T20:29:03.594149 #6794]  INFO -- : reaped #<Process::Status: pid 6798 exit 0> worker=0
I, [2018-05-13T20:29:03.594245 #6794]  INFO -- : reaped #<Process::Status: pid 6801 exit 0> worker=1
I, [2018-05-13T20:29:03.594294 #6794]  INFO -- : master complete
I, [2018-05-13T20:29:06.374000 #6902]  INFO -- : Refreshing Gem list
I, [2018-05-13T20:29:07.106108 #6902]  INFO -- : unlinking existing socket=/home/ubuntu/TypingTest/shared/sockets/unicorn.sock
I, [2018-05-13T20:29:07.108208 #6902]  INFO -- : listening on addr=/home/ubuntu/TypingTest/shared/sockets/unicorn.sock fd=8
I, [2018-05-13T20:29:07.108320 #6902]  INFO -- : worker=0 spawning...
I, [2018-05-13T20:29:07.109598 #6902]  INFO -- : worker=1 spawning...
I, [2018-05-13T20:29:07.110185 #6906]  INFO -- : worker=0 spawned pid=6906
I, [2018-05-13T20:29:07.110309 #6906]  INFO -- : worker=0 ready
I, [2018-05-13T20:29:07.111163 #6902]  INFO -- : master process ready
I, [2018-05-13T20:29:07.125365 #6909]  INFO -- : worker=1 spawned pid=6909
I, [2018-05-13T20:29:07.125474 #6909]  INFO -- : worker=1 ready
